[2024-08-15 13:44:43] development.ERROR: SQLSTATE[23000]: Integrity constraint violation: 1062 Duplicate entry 'P0001' for key 'tblproductdata.strProductCode' (Connection: mysql, SQL: insert into `tblproductdata` (`dtmDiscontinued`, `price`, `stock_level`, `strProductCode`, `strProductDesc`, `strProductName`) values (?, 399.99, 10, P0001, 32” Tv, TV), (2024-08-15 13:44:42, 50.12, 11, P0002, Nice CD player, Cd Player), (2024-08-15 13:44:42, 39.33, 12, P0003, Top notch VCR, VCR), (?, 25.43, 12, P0008, Speedy, CPU), (?, 50.55, 45, P0012, HD ready, TV), (?, 27.99, 34, P0013, Beats MP3, Cd Player), (2024-08-15 13:44:42, 50, 34, P0018, More storage options, Harddisk), (?, 30, 56, P0020, Play CD's, Cd Player), (?, 50, 23, P0023, Amazing, XBOX360), (2024-08-15 13:44:42, 24.33, 22, P0024, Just don't go online, PS3), (?, 40, 21, P0025, Great for television, TV)) {"exception":"[object] (Illuminate\\Database\\UniqueConstraintViolationException(code: 23000): SQLSTATE[23000]: Integrity constraint violation: 1062 Duplicate entry 'P0001' for key 'tblproductdata.strProductCode' (Connection: mysql, SQL: insert into `tblproductdata` (`dtmDiscontinued`, `price`, `stock_level`, `strProductCode`, `strProductDesc`, `strProductName`) values (?, 399.99, 10, P0001, 32” Tv, TV), (2024-08-15 13:44:42, 50.12, 11, P0002, Nice CD player, Cd Player), (2024-08-15 13:44:42, 39.33, 12, P0003, Top notch VCR, VCR), (?, 25.43, 12, P0008, Speedy, CPU), (?, 50.55, 45, P0012, HD ready, TV), (?, 27.99, 34, P0013, Beats MP3, Cd Player), (2024-08-15 13:44:42, 50, 34, P0018, More storage options, Harddisk), (?, 30, 56, P0020, Play CD's, Cd Player), (?, 50, 23, P0023, Amazing, XBOX360), (2024-08-15 13:44:42, 24.33, 22, P0024, Just don't go online, PS3), (?, 40, 21, P0025, Great for television, TV)) at C:\\Laragon\\www\\itransition.test\\vendor\\illuminate\\database\\Connection.php:817)
[stacktrace]
#0 C:\\Laragon\\www\\itransition.test\\vendor\\illuminate\\database\\Connection.php(776): Illuminate\\Database\\Connection->runQueryCallback()
#1 C:\\Laragon\\www\\itransition.test\\vendor\\illuminate\\database\\Connection.php(581): Illuminate\\Database\\Connection->run()
#2 C:\\Laragon\\www\\itransition.test\\vendor\\illuminate\\database\\Connection.php(533): Illuminate\\Database\\Connection->statement()
#3 C:\\Laragon\\www\\itransition.test\\vendor\\illuminate\\database\\Query\\Builder.php(3338): Illuminate\\Database\\Connection->insert()
#4 C:\\Laragon\\www\\itransition.test\\app\\Services\\ExportServices\\ExportToDbService.php(20): Illuminate\\Database\\Query\\Builder->insert()
#5 C:\\Laragon\\www\\itransition.test\\app\\Commands\\Parse.php(71): App\\Services\\ExportServices\\ExportToDbService->insertIntoDb()
#6 C:\\Laragon\\www\\itransition.test\\vendor\\illuminate\\container\\BoundMethod.php(36): App\\Commands\\Parse->handle()
#7 C:\\Laragon\\www\\itransition.test\\vendor\\illuminate\\container\\Util.php(41): Illuminate\\Container\\BoundMethod::Illuminate\\Container\\{closure}()
#8 C:\\Laragon\\www\\itransition.test\\vendor\\illuminate\\container\\BoundMethod.php(93): Illuminate\\Container\\Util::unwrapIfClosure()
#9 C:\\Laragon\\www\\itransition.test\\vendor\\illuminate\\container\\BoundMethod.php(37): Illuminate\\Container\\BoundMethod::callBoundMethod()
#10 C:\\Laragon\\www\\itransition.test\\vendor\\illuminate\\container\\Container.php(662): Illuminate\\Container\\BoundMethod::call()
#11 C:\\Laragon\\www\\itransition.test\\vendor\\illuminate\\console\\Command.php(211): Illuminate\\Container\\Container->call()
#12 C:\\Laragon\\www\\itransition.test\\vendor\\symfony\\console\\Command\\Command.php(326): Illuminate\\Console\\Command->execute()
#13 C:\\Laragon\\www\\itransition.test\\vendor\\illuminate\\console\\Command.php(181): Symfony\\Component\\Console\\Command\\Command->run()
#14 C:\\Laragon\\www\\itransition.test\\vendor\\symfony\\console\\Application.php(1096): Illuminate\\Console\\Command->run()
#15 C:\\Laragon\\www\\itransition.test\\vendor\\symfony\\console\\Application.php(324): Symfony\\Component\\Console\\Application->doRunCommand()
#16 C:\\Laragon\\www\\itransition.test\\vendor\\symfony\\console\\Application.php(175): Symfony\\Component\\Console\\Application->doRun()
#17 C:\\Laragon\\www\\itransition.test\\vendor\\laravel-zero\\foundation\\src\\Illuminate\\Foundation\\Console\\Kernel.php(201): Symfony\\Component\\Console\\Application->run()
#18 C:\\Laragon\\www\\itransition.test\\vendor\\laravel-zero\\framework\\src\\Kernel.php(97): Illuminate\\Foundation\\Console\\Kernel->handle()
#19 C:\\Laragon\\www\\itransition.test\\[parser.itr](37): LaravelZero\\Framework\\Kernel->handle()
#20 {main}

[previous exception] [object] (PDOException(code: 23000): SQLSTATE[23000]: Integrity constraint violation: 1062 Duplicate entry 'P0001' for key 'tblproductdata.strProductCode' at C:\\Laragon\\www\\itransition.test\\vendor\\illuminate\\database\\Connection.php:580)
[stacktrace]
#0 C:\\Laragon\\www\\itransition.test\\vendor\\illuminate\\database\\Connection.php(580): PDOStatement->execute()
#1 C:\\Laragon\\www\\itransition.test\\vendor\\illuminate\\database\\Connection.php(809): Illuminate\\Database\\Connection->Illuminate\\Database\\{closure}()
#2 C:\\Laragon\\www\\itransition.test\\vendor\\illuminate\\database\\Connection.php(776): Illuminate\\Database\\Connection->runQueryCallback()
#3 C:\\Laragon\\www\\itransition.test\\vendor\\illuminate\\database\\Connection.php(581): Illuminate\\Database\\Connection->run()
#4 C:\\Laragon\\www\\itransition.test\\vendor\\illuminate\\database\\Connection.php(533): Illuminate\\Database\\Connection->statement()
#5 C:\\Laragon\\www\\itransition.test\\vendor\\illuminate\\database\\Query\\Builder.php(3338): Illuminate\\Database\\Connection->insert()
#6 C:\\Laragon\\www\\itransition.test\\app\\Services\\ExportServices\\ExportToDbService.php(20): Illuminate\\Database\\Query\\Builder->insert()
#7 C:\\Laragon\\www\\itransition.test\\app\\Commands\\Parse.php(71): App\\Services\\ExportServices\\ExportToDbService->insertIntoDb()
#8 C:\\Laragon\\www\\itransition.test\\vendor\\illuminate\\container\\BoundMethod.php(36): App\\Commands\\Parse->handle()
#9 C:\\Laragon\\www\\itransition.test\\vendor\\illuminate\\container\\Util.php(41): Illuminate\\Container\\BoundMethod::Illuminate\\Container\\{closure}()
#10 C:\\Laragon\\www\\itransition.test\\vendor\\illuminate\\container\\BoundMethod.php(93): Illuminate\\Container\\Util::unwrapIfClosure()
#11 C:\\Laragon\\www\\itransition.test\\vendor\\illuminate\\container\\BoundMethod.php(37): Illuminate\\Container\\BoundMethod::callBoundMethod()
#12 C:\\Laragon\\www\\itransition.test\\vendor\\illuminate\\container\\Container.php(662): Illuminate\\Container\\BoundMethod::call()
#13 C:\\Laragon\\www\\itransition.test\\vendor\\illuminate\\console\\Command.php(211): Illuminate\\Container\\Container->call()
#14 C:\\Laragon\\www\\itransition.test\\vendor\\symfony\\console\\Command\\Command.php(326): Illuminate\\Console\\Command->execute()
#15 C:\\Laragon\\www\\itransition.test\\vendor\\illuminate\\console\\Command.php(181): Symfony\\Component\\Console\\Command\\Command->run()
#16 C:\\Laragon\\www\\itransition.test\\vendor\\symfony\\console\\Application.php(1096): Illuminate\\Console\\Command->run()
#17 C:\\Laragon\\www\\itransition.test\\vendor\\symfony\\console\\Application.php(324): Symfony\\Component\\Console\\Application->doRunCommand()
#18 C:\\Laragon\\www\\itransition.test\\vendor\\symfony\\console\\Application.php(175): Symfony\\Component\\Console\\Application->doRun()
#19 C:\\Laragon\\www\\itransition.test\\vendor\\laravel-zero\\foundation\\src\\Illuminate\\Foundation\\Console\\Kernel.php(201): Symfony\\Component\\Console\\Application->run()
#20 C:\\Laragon\\www\\itransition.test\\vendor\\laravel-zero\\framework\\src\\Kernel.php(97): Illuminate\\Foundation\\Console\\Kernel->handle()
#21 C:\\Laragon\\www\\itransition.test\\[parser.itr](37): LaravelZero\\Framework\\Kernel->handle()
#22 {main}
"} 
[2024-08-15 13:47:43] development.ERROR: SQLSTATE[23000]: Integrity constraint violation: 1062 Duplicate entry 'P0001' for key 'tblproductdata.strProductCode' (Connection: mysql, SQL: insert into `tblproductdata` (`dtmDiscontinued`, `price`, `stock_level`, `strProductCode`, `strProductDesc`, `strProductName`) values (?, 399.99, 10, P0001, 32” Tv, TV), (2024-08-15 13:47:43, 50.12, 11, P0002, Nice CD player, Cd Player), (2024-08-15 13:47:43, 39.33, 12, P0003, Top notch VCR, VCR), (?, 25.43, 12, P0008, Speedy, CPU), (?, 50.55, 45, P0012, HD ready, TV), (?, 27.99, 34, P0013, Beats MP3, Cd Player), (2024-08-15 13:47:43, 50, 34, P0018, More storage options, Harddisk), (?, 30, 56, P0020, Play CD's, Cd Player), (?, 50, 23, P0023, Amazing, XBOX360), (2024-08-15 13:47:43, 24.33, 22, P0024, Just don't go online, PS3), (?, 40, 21, P0025, Great for television, TV)) {"exception":"[object] (Illuminate\\Database\\UniqueConstraintViolationException(code: 23000): SQLSTATE[23000]: Integrity constraint violation: 1062 Duplicate entry 'P0001' for key 'tblproductdata.strProductCode' (Connection: mysql, SQL: insert into `tblproductdata` (`dtmDiscontinued`, `price`, `stock_level`, `strProductCode`, `strProductDesc`, `strProductName`) values (?, 399.99, 10, P0001, 32” Tv, TV), (2024-08-15 13:47:43, 50.12, 11, P0002, Nice CD player, Cd Player), (2024-08-15 13:47:43, 39.33, 12, P0003, Top notch VCR, VCR), (?, 25.43, 12, P0008, Speedy, CPU), (?, 50.55, 45, P0012, HD ready, TV), (?, 27.99, 34, P0013, Beats MP3, Cd Player), (2024-08-15 13:47:43, 50, 34, P0018, More storage options, Harddisk), (?, 30, 56, P0020, Play CD's, Cd Player), (?, 50, 23, P0023, Amazing, XBOX360), (2024-08-15 13:47:43, 24.33, 22, P0024, Just don't go online, PS3), (?, 40, 21, P0025, Great for television, TV)) at C:\\Laragon\\www\\itransition.test\\vendor\\illuminate\\database\\Connection.php:817)
[stacktrace]
#0 C:\\Laragon\\www\\itransition.test\\vendor\\illuminate\\database\\Connection.php(776): Illuminate\\Database\\Connection->runQueryCallback()
#1 C:\\Laragon\\www\\itransition.test\\vendor\\illuminate\\database\\Connection.php(581): Illuminate\\Database\\Connection->run()
#2 C:\\Laragon\\www\\itransition.test\\vendor\\illuminate\\database\\Connection.php(533): Illuminate\\Database\\Connection->statement()
#3 C:\\Laragon\\www\\itransition.test\\vendor\\illuminate\\database\\Query\\Builder.php(3338): Illuminate\\Database\\Connection->insert()
#4 C:\\Laragon\\www\\itransition.test\\app\\Services\\ExportServices\\ExportToDbService.php(22): Illuminate\\Database\\Query\\Builder->insert()
#5 C:\\Laragon\\www\\itransition.test\\app\\Commands\\Parse.php(71): App\\Services\\ExportServices\\ExportToDbService->insertIntoDb()
#6 C:\\Laragon\\www\\itransition.test\\vendor\\illuminate\\container\\BoundMethod.php(36): App\\Commands\\Parse->handle()
#7 C:\\Laragon\\www\\itransition.test\\vendor\\illuminate\\container\\Util.php(41): Illuminate\\Container\\BoundMethod::Illuminate\\Container\\{closure}()
#8 C:\\Laragon\\www\\itransition.test\\vendor\\illuminate\\container\\BoundMethod.php(93): Illuminate\\Container\\Util::unwrapIfClosure()
#9 C:\\Laragon\\www\\itransition.test\\vendor\\illuminate\\container\\BoundMethod.php(37): Illuminate\\Container\\BoundMethod::callBoundMethod()
#10 C:\\Laragon\\www\\itransition.test\\vendor\\illuminate\\container\\Container.php(662): Illuminate\\Container\\BoundMethod::call()
#11 C:\\Laragon\\www\\itransition.test\\vendor\\illuminate\\console\\Command.php(211): Illuminate\\Container\\Container->call()
#12 C:\\Laragon\\www\\itransition.test\\vendor\\symfony\\console\\Command\\Command.php(326): Illuminate\\Console\\Command->execute()
#13 C:\\Laragon\\www\\itransition.test\\vendor\\illuminate\\console\\Command.php(181): Symfony\\Component\\Console\\Command\\Command->run()
#14 C:\\Laragon\\www\\itransition.test\\vendor\\symfony\\console\\Application.php(1096): Illuminate\\Console\\Command->run()
#15 C:\\Laragon\\www\\itransition.test\\vendor\\symfony\\console\\Application.php(324): Symfony\\Component\\Console\\Application->doRunCommand()
#16 C:\\Laragon\\www\\itransition.test\\vendor\\symfony\\console\\Application.php(175): Symfony\\Component\\Console\\Application->doRun()
#17 C:\\Laragon\\www\\itransition.test\\vendor\\laravel-zero\\foundation\\src\\Illuminate\\Foundation\\Console\\Kernel.php(201): Symfony\\Component\\Console\\Application->run()
#18 C:\\Laragon\\www\\itransition.test\\vendor\\laravel-zero\\framework\\src\\Kernel.php(97): Illuminate\\Foundation\\Console\\Kernel->handle()
#19 C:\\Laragon\\www\\itransition.test\\[parser.itr](37): LaravelZero\\Framework\\Kernel->handle()
#20 {main}

[previous exception] [object] (PDOException(code: 23000): SQLSTATE[23000]: Integrity constraint violation: 1062 Duplicate entry 'P0001' for key 'tblproductdata.strProductCode' at C:\\Laragon\\www\\itransition.test\\vendor\\illuminate\\database\\Connection.php:580)
[stacktrace]
#0 C:\\Laragon\\www\\itransition.test\\vendor\\illuminate\\database\\Connection.php(580): PDOStatement->execute()
#1 C:\\Laragon\\www\\itransition.test\\vendor\\illuminate\\database\\Connection.php(809): Illuminate\\Database\\Connection->Illuminate\\Database\\{closure}()
#2 C:\\Laragon\\www\\itransition.test\\vendor\\illuminate\\database\\Connection.php(776): Illuminate\\Database\\Connection->runQueryCallback()
#3 C:\\Laragon\\www\\itransition.test\\vendor\\illuminate\\database\\Connection.php(581): Illuminate\\Database\\Connection->run()
#4 C:\\Laragon\\www\\itransition.test\\vendor\\illuminate\\database\\Connection.php(533): Illuminate\\Database\\Connection->statement()
#5 C:\\Laragon\\www\\itransition.test\\vendor\\illuminate\\database\\Query\\Builder.php(3338): Illuminate\\Database\\Connection->insert()
#6 C:\\Laragon\\www\\itransition.test\\app\\Services\\ExportServices\\ExportToDbService.php(22): Illuminate\\Database\\Query\\Builder->insert()
#7 C:\\Laragon\\www\\itransition.test\\app\\Commands\\Parse.php(71): App\\Services\\ExportServices\\ExportToDbService->insertIntoDb()
#8 C:\\Laragon\\www\\itransition.test\\vendor\\illuminate\\container\\BoundMethod.php(36): App\\Commands\\Parse->handle()
#9 C:\\Laragon\\www\\itransition.test\\vendor\\illuminate\\container\\Util.php(41): Illuminate\\Container\\BoundMethod::Illuminate\\Container\\{closure}()
#10 C:\\Laragon\\www\\itransition.test\\vendor\\illuminate\\container\\BoundMethod.php(93): Illuminate\\Container\\Util::unwrapIfClosure()
#11 C:\\Laragon\\www\\itransition.test\\vendor\\illuminate\\container\\BoundMethod.php(37): Illuminate\\Container\\BoundMethod::callBoundMethod()
#12 C:\\Laragon\\www\\itransition.test\\vendor\\illuminate\\container\\Container.php(662): Illuminate\\Container\\BoundMethod::call()
#13 C:\\Laragon\\www\\itransition.test\\vendor\\illuminate\\console\\Command.php(211): Illuminate\\Container\\Container->call()
#14 C:\\Laragon\\www\\itransition.test\\vendor\\symfony\\console\\Command\\Command.php(326): Illuminate\\Console\\Command->execute()
#15 C:\\Laragon\\www\\itransition.test\\vendor\\illuminate\\console\\Command.php(181): Symfony\\Component\\Console\\Command\\Command->run()
#16 C:\\Laragon\\www\\itransition.test\\vendor\\symfony\\console\\Application.php(1096): Illuminate\\Console\\Command->run()
#17 C:\\Laragon\\www\\itransition.test\\vendor\\symfony\\console\\Application.php(324): Symfony\\Component\\Console\\Application->doRunCommand()
#18 C:\\Laragon\\www\\itransition.test\\vendor\\symfony\\console\\Application.php(175): Symfony\\Component\\Console\\Application->doRun()
#19 C:\\Laragon\\www\\itransition.test\\vendor\\laravel-zero\\foundation\\src\\Illuminate\\Foundation\\Console\\Kernel.php(201): Symfony\\Component\\Console\\Application->run()
#20 C:\\Laragon\\www\\itransition.test\\vendor\\laravel-zero\\framework\\src\\Kernel.php(97): Illuminate\\Foundation\\Console\\Kernel->handle()
#21 C:\\Laragon\\www\\itransition.test\\[parser.itr](37): LaravelZero\\Framework\\Kernel->handle()
#22 {main}
"} 
[2024-08-15 13:48:16] development.ERROR: SQLSTATE[23000]: Integrity constraint violation: 1062 Duplicate entry 'P0001' for key 'tblproductdata.strProductCode' (Connection: mysql, SQL: insert into `tblproductdata` (`dtmDiscontinued`, `price`, `stock_level`, `strProductCode`, `strProductDesc`, `strProductName`) values (?, 399.99, 10, P0001, 32” Tv, TV), (2024-08-15 13:48:16, 50.12, 11, P0002, Nice CD player, Cd Player), (2024-08-15 13:48:16, 39.33, 12, P0003, Top notch VCR, VCR), (?, 25.43, 12, P0008, Speedy, CPU), (?, 50.55, 45, P0012, HD ready, TV), (?, 27.99, 34, P0013, Beats MP3, Cd Player), (2024-08-15 13:48:16, 50, 34, P0018, More storage options, Harddisk), (?, 30, 56, P0020, Play CD's, Cd Player), (?, 50, 23, P0023, Amazing, XBOX360), (2024-08-15 13:48:16, 24.33, 22, P0024, Just don't go online, PS3), (?, 40, 21, P0025, Great for television, TV)) {"exception":"[object] (Illuminate\\Database\\UniqueConstraintViolationException(code: 23000): SQLSTATE[23000]: Integrity constraint violation: 1062 Duplicate entry 'P0001' for key 'tblproductdata.strProductCode' (Connection: mysql, SQL: insert into `tblproductdata` (`dtmDiscontinued`, `price`, `stock_level`, `strProductCode`, `strProductDesc`, `strProductName`) values (?, 399.99, 10, P0001, 32” Tv, TV), (2024-08-15 13:48:16, 50.12, 11, P0002, Nice CD player, Cd Player), (2024-08-15 13:48:16, 39.33, 12, P0003, Top notch VCR, VCR), (?, 25.43, 12, P0008, Speedy, CPU), (?, 50.55, 45, P0012, HD ready, TV), (?, 27.99, 34, P0013, Beats MP3, Cd Player), (2024-08-15 13:48:16, 50, 34, P0018, More storage options, Harddisk), (?, 30, 56, P0020, Play CD's, Cd Player), (?, 50, 23, P0023, Amazing, XBOX360), (2024-08-15 13:48:16, 24.33, 22, P0024, Just don't go online, PS3), (?, 40, 21, P0025, Great for television, TV)) at C:\\Laragon\\www\\itransition.test\\vendor\\illuminate\\database\\Connection.php:817)
[stacktrace]
#0 C:\\Laragon\\www\\itransition.test\\vendor\\illuminate\\database\\Connection.php(776): Illuminate\\Database\\Connection->runQueryCallback()
#1 C:\\Laragon\\www\\itransition.test\\vendor\\illuminate\\database\\Connection.php(581): Illuminate\\Database\\Connection->run()
#2 C:\\Laragon\\www\\itransition.test\\vendor\\illuminate\\database\\Connection.php(533): Illuminate\\Database\\Connection->statement()
#3 C:\\Laragon\\www\\itransition.test\\vendor\\illuminate\\database\\Query\\Builder.php(3338): Illuminate\\Database\\Connection->insert()
#4 C:\\Laragon\\www\\itransition.test\\app\\Services\\ExportServices\\ExportToDbService.php(22): Illuminate\\Database\\Query\\Builder->insert()
#5 C:\\Laragon\\www\\itransition.test\\app\\Commands\\Parse.php(71): App\\Services\\ExportServices\\ExportToDbService->insertIntoDb()
#6 C:\\Laragon\\www\\itransition.test\\vendor\\illuminate\\container\\BoundMethod.php(36): App\\Commands\\Parse->handle()
#7 C:\\Laragon\\www\\itransition.test\\vendor\\illuminate\\container\\Util.php(41): Illuminate\\Container\\BoundMethod::Illuminate\\Container\\{closure}()
#8 C:\\Laragon\\www\\itransition.test\\vendor\\illuminate\\container\\BoundMethod.php(93): Illuminate\\Container\\Util::unwrapIfClosure()
#9 C:\\Laragon\\www\\itransition.test\\vendor\\illuminate\\container\\BoundMethod.php(37): Illuminate\\Container\\BoundMethod::callBoundMethod()
#10 C:\\Laragon\\www\\itransition.test\\vendor\\illuminate\\container\\Container.php(662): Illuminate\\Container\\BoundMethod::call()
#11 C:\\Laragon\\www\\itransition.test\\vendor\\illuminate\\console\\Command.php(211): Illuminate\\Container\\Container->call()
#12 C:\\Laragon\\www\\itransition.test\\vendor\\symfony\\console\\Command\\Command.php(326): Illuminate\\Console\\Command->execute()
#13 C:\\Laragon\\www\\itransition.test\\vendor\\illuminate\\console\\Command.php(181): Symfony\\Component\\Console\\Command\\Command->run()
#14 C:\\Laragon\\www\\itransition.test\\vendor\\symfony\\console\\Application.php(1096): Illuminate\\Console\\Command->run()
#15 C:\\Laragon\\www\\itransition.test\\vendor\\symfony\\console\\Application.php(324): Symfony\\Component\\Console\\Application->doRunCommand()
#16 C:\\Laragon\\www\\itransition.test\\vendor\\symfony\\console\\Application.php(175): Symfony\\Component\\Console\\Application->doRun()
#17 C:\\Laragon\\www\\itransition.test\\vendor\\laravel-zero\\foundation\\src\\Illuminate\\Foundation\\Console\\Kernel.php(201): Symfony\\Component\\Console\\Application->run()
#18 C:\\Laragon\\www\\itransition.test\\vendor\\laravel-zero\\framework\\src\\Kernel.php(97): Illuminate\\Foundation\\Console\\Kernel->handle()
#19 C:\\Laragon\\www\\itransition.test\\[parser.itr](37): LaravelZero\\Framework\\Kernel->handle()
#20 {main}

[previous exception] [object] (PDOException(code: 23000): SQLSTATE[23000]: Integrity constraint violation: 1062 Duplicate entry 'P0001' for key 'tblproductdata.strProductCode' at C:\\Laragon\\www\\itransition.test\\vendor\\illuminate\\database\\Connection.php:580)
[stacktrace]
#0 C:\\Laragon\\www\\itransition.test\\vendor\\illuminate\\database\\Connection.php(580): PDOStatement->execute()
#1 C:\\Laragon\\www\\itransition.test\\vendor\\illuminate\\database\\Connection.php(809): Illuminate\\Database\\Connection->Illuminate\\Database\\{closure}()
#2 C:\\Laragon\\www\\itransition.test\\vendor\\illuminate\\database\\Connection.php(776): Illuminate\\Database\\Connection->runQueryCallback()
#3 C:\\Laragon\\www\\itransition.test\\vendor\\illuminate\\database\\Connection.php(581): Illuminate\\Database\\Connection->run()
#4 C:\\Laragon\\www\\itransition.test\\vendor\\illuminate\\database\\Connection.php(533): Illuminate\\Database\\Connection->statement()
#5 C:\\Laragon\\www\\itransition.test\\vendor\\illuminate\\database\\Query\\Builder.php(3338): Illuminate\\Database\\Connection->insert()
#6 C:\\Laragon\\www\\itransition.test\\app\\Services\\ExportServices\\ExportToDbService.php(22): Illuminate\\Database\\Query\\Builder->insert()
#7 C:\\Laragon\\www\\itransition.test\\app\\Commands\\Parse.php(71): App\\Services\\ExportServices\\ExportToDbService->insertIntoDb()
#8 C:\\Laragon\\www\\itransition.test\\vendor\\illuminate\\container\\BoundMethod.php(36): App\\Commands\\Parse->handle()
#9 C:\\Laragon\\www\\itransition.test\\vendor\\illuminate\\container\\Util.php(41): Illuminate\\Container\\BoundMethod::Illuminate\\Container\\{closure}()
#10 C:\\Laragon\\www\\itransition.test\\vendor\\illuminate\\container\\BoundMethod.php(93): Illuminate\\Container\\Util::unwrapIfClosure()
#11 C:\\Laragon\\www\\itransition.test\\vendor\\illuminate\\container\\BoundMethod.php(37): Illuminate\\Container\\BoundMethod::callBoundMethod()
#12 C:\\Laragon\\www\\itransition.test\\vendor\\illuminate\\container\\Container.php(662): Illuminate\\Container\\BoundMethod::call()
#13 C:\\Laragon\\www\\itransition.test\\vendor\\illuminate\\console\\Command.php(211): Illuminate\\Container\\Container->call()
#14 C:\\Laragon\\www\\itransition.test\\vendor\\symfony\\console\\Command\\Command.php(326): Illuminate\\Console\\Command->execute()
#15 C:\\Laragon\\www\\itransition.test\\vendor\\illuminate\\console\\Command.php(181): Symfony\\Component\\Console\\Command\\Command->run()
#16 C:\\Laragon\\www\\itransition.test\\vendor\\symfony\\console\\Application.php(1096): Illuminate\\Console\\Command->run()
#17 C:\\Laragon\\www\\itransition.test\\vendor\\symfony\\console\\Application.php(324): Symfony\\Component\\Console\\Application->doRunCommand()
#18 C:\\Laragon\\www\\itransition.test\\vendor\\symfony\\console\\Application.php(175): Symfony\\Component\\Console\\Application->doRun()
#19 C:\\Laragon\\www\\itransition.test\\vendor\\laravel-zero\\foundation\\src\\Illuminate\\Foundation\\Console\\Kernel.php(201): Symfony\\Component\\Console\\Application->run()
#20 C:\\Laragon\\www\\itransition.test\\vendor\\laravel-zero\\framework\\src\\Kernel.php(97): Illuminate\\Foundation\\Console\\Kernel->handle()
#21 C:\\Laragon\\www\\itransition.test\\[parser.itr](37): LaravelZero\\Framework\\Kernel->handle()
#22 {main}
"} 
[2024-08-15 13:57:46] development.ERROR: Cannot access protected property Illuminate\Database\UniqueConstraintViolationException::$message {"exception":"[object] (Error(code: 0): Cannot access protected property Illuminate\\Database\\UniqueConstraintViolationException::$message at C:\\Laragon\\www\\itransition.test\\app\\Services\\ExportServices\\ExportToDbService.php:25)
[stacktrace]
#0 C:\\Laragon\\www\\itransition.test\\app\\Commands\\Parse.php(71): App\\Services\\ExportServices\\ExportToDbService->insertIntoDb()
#1 C:\\Laragon\\www\\itransition.test\\vendor\\illuminate\\container\\BoundMethod.php(36): App\\Commands\\Parse->handle()
#2 C:\\Laragon\\www\\itransition.test\\vendor\\illuminate\\container\\Util.php(41): Illuminate\\Container\\BoundMethod::Illuminate\\Container\\{closure}()
#3 C:\\Laragon\\www\\itransition.test\\vendor\\illuminate\\container\\BoundMethod.php(93): Illuminate\\Container\\Util::unwrapIfClosure()
#4 C:\\Laragon\\www\\itransition.test\\vendor\\illuminate\\container\\BoundMethod.php(37): Illuminate\\Container\\BoundMethod::callBoundMethod()
#5 C:\\Laragon\\www\\itransition.test\\vendor\\illuminate\\container\\Container.php(662): Illuminate\\Container\\BoundMethod::call()
#6 C:\\Laragon\\www\\itransition.test\\vendor\\illuminate\\console\\Command.php(211): Illuminate\\Container\\Container->call()
#7 C:\\Laragon\\www\\itransition.test\\vendor\\symfony\\console\\Command\\Command.php(326): Illuminate\\Console\\Command->execute()
#8 C:\\Laragon\\www\\itransition.test\\vendor\\illuminate\\console\\Command.php(181): Symfony\\Component\\Console\\Command\\Command->run()
#9 C:\\Laragon\\www\\itransition.test\\vendor\\symfony\\console\\Application.php(1096): Illuminate\\Console\\Command->run()
#10 C:\\Laragon\\www\\itransition.test\\vendor\\symfony\\console\\Application.php(324): Symfony\\Component\\Console\\Application->doRunCommand()
#11 C:\\Laragon\\www\\itransition.test\\vendor\\symfony\\console\\Application.php(175): Symfony\\Component\\Console\\Application->doRun()
#12 C:\\Laragon\\www\\itransition.test\\vendor\\laravel-zero\\foundation\\src\\Illuminate\\Foundation\\Console\\Kernel.php(201): Symfony\\Component\\Console\\Application->run()
#13 C:\\Laragon\\www\\itransition.test\\vendor\\laravel-zero\\framework\\src\\Kernel.php(97): Illuminate\\Foundation\\Console\\Kernel->handle()
#14 C:\\Laragon\\www\\itransition.test\\[parser.itr](37): LaravelZero\\Framework\\Kernel->handle()
#15 {main}
"} 
[2024-08-15 13:58:14] development.ERROR: Array to string conversion {"exception":"[object] (ErrorException(code: 0): Array to string conversion at C:\\Laragon\\www\\itransition.test\\app\\Services\\ExportServices\\ExportToDbService.php:25)
[stacktrace]
#0 C:\\Laragon\\www\\itransition.test\\vendor\\laravel-zero\\foundation\\src\\Illuminate\\Foundation\\Bootstrap\\HandleExceptions.php(255): Illuminate\\Foundation\\Bootstrap\\HandleExceptions->handleError()
#1 C:\\Laragon\\www\\itransition.test\\app\\Services\\ExportServices\\ExportToDbService.php(25): Illuminate\\Foundation\\Bootstrap\\HandleExceptions->Illuminate\\Foundation\\Bootstrap\\{closure}()
#2 C:\\Laragon\\www\\itransition.test\\app\\Commands\\Parse.php(71): App\\Services\\ExportServices\\ExportToDbService->insertIntoDb()
#3 C:\\Laragon\\www\\itransition.test\\vendor\\illuminate\\container\\BoundMethod.php(36): App\\Commands\\Parse->handle()
#4 C:\\Laragon\\www\\itransition.test\\vendor\\illuminate\\container\\Util.php(41): Illuminate\\Container\\BoundMethod::Illuminate\\Container\\{closure}()
#5 C:\\Laragon\\www\\itransition.test\\vendor\\illuminate\\container\\BoundMethod.php(93): Illuminate\\Container\\Util::unwrapIfClosure()
#6 C:\\Laragon\\www\\itransition.test\\vendor\\illuminate\\container\\BoundMethod.php(37): Illuminate\\Container\\BoundMethod::callBoundMethod()
#7 C:\\Laragon\\www\\itransition.test\\vendor\\illuminate\\container\\Container.php(662): Illuminate\\Container\\BoundMethod::call()
#8 C:\\Laragon\\www\\itransition.test\\vendor\\illuminate\\console\\Command.php(211): Illuminate\\Container\\Container->call()
#9 C:\\Laragon\\www\\itransition.test\\vendor\\symfony\\console\\Command\\Command.php(326): Illuminate\\Console\\Command->execute()
#10 C:\\Laragon\\www\\itransition.test\\vendor\\illuminate\\console\\Command.php(181): Symfony\\Component\\Console\\Command\\Command->run()
#11 C:\\Laragon\\www\\itransition.test\\vendor\\symfony\\console\\Application.php(1096): Illuminate\\Console\\Command->run()
#12 C:\\Laragon\\www\\itransition.test\\vendor\\symfony\\console\\Application.php(324): Symfony\\Component\\Console\\Application->doRunCommand()
#13 C:\\Laragon\\www\\itransition.test\\vendor\\symfony\\console\\Application.php(175): Symfony\\Component\\Console\\Application->doRun()
#14 C:\\Laragon\\www\\itransition.test\\vendor\\laravel-zero\\foundation\\src\\Illuminate\\Foundation\\Console\\Kernel.php(201): Symfony\\Component\\Console\\Application->run()
#15 C:\\Laragon\\www\\itransition.test\\vendor\\laravel-zero\\framework\\src\\Kernel.php(97): Illuminate\\Foundation\\Console\\Kernel->handle()
#16 C:\\Laragon\\www\\itransition.test\\[parser.itr](37): LaravelZero\\Framework\\Kernel->handle()
#17 {main}
"} 
[2024-08-15 13:59:52] development.INFO: [
    {
        "Product Code": "P0004",
        "Product Name": "Bluray Player",
        "Product Description": "Watch it in HD",
        "Stock": "1",
        "Cost in GBP": "24.55",
        "Discontinued": null
    },
    {
        "Product Code": "P0005",
        "Product Name": "XBOX360",
        "Product Description": "Best.console.ever",
        "Stock": "5",
        "Cost in GBP": "30.44",
        "Discontinued": null
    },
    {
        "Product Code": "P0006",
        "Product Name": "PS3",
        "Product Description": "Mind your details",
        "Stock": "3",
        "Cost in GBP": "24.99",
        "Discontinued": null
    },
    {
        "Product Code": "P0007",
        "Product Name": "24” Monitor",
        "Product Description": "Awesome",
        "Stock": "",
        "Cost in GBP": "35.99",
        "Discontinued": null
    },
    {
        "Product Code": "P0009",
        "Product Name": "Harddisk",
        "Product Description": "Great for storing data",
        "Stock": "0",
        "Cost in GBP": "99.99",
        "Discontinued": null
    },
    {
        "Product Code": "P0010",
        "Product Name": "CD Bundle",
        "Product Description": "Lots of fun",
        "Stock": "0",
        "Cost in GBP": "10",
        "Discontinued": null
    },
    {
        "Product Code": "P0011",
        "Product Name": "Misc Cables",
        "Product Description": "error in export",
        "Stock": null,
        "Cost in GBP": null,
        "Discontinued": null
    },
    {
        "Product Code": "P0014",
        "Product Name": "VCR",
        "Product Description": "VHS rules",
        "Stock": "3",
        "Cost in GBP": "23",
        "Discontinued": "2024-08-15 13:59:52"
    },
    {
        "Product Code": "P0015",
        "Product Name": "Bluray Player",
        "Product Description": "Excellent picture",
        "Stock": "32",
        "Cost in GBP": "$4.33",
        "Discontinued": null
    },
    {
        "Product Code": "P0015",
        "Product Name": "Bluray Player",
        "Product Description": "Excellent picture",
        "Stock": "32",
        "Cost in GBP": "4.33",
        "Discontinued": null
    },
    {
        "Product Code": "P0016",
        "Product Name": "24” Monitor",
        "Product Description": "Visual candy",
        "Stock": "3",
        "Cost in GBP": "45",
        "Discontinued": null
    },
    {
        "Product Code": "P0017",
        "Product Name": "CPU",
        "Product Description": "Processing power",
        "Stock": " ideal for multimedia",
        "Cost in GBP": "4",
        "Discontinued": null
    },
    {
        "Product Code": "P0019",
        "Product Name": "CD Bundle",
        "Product Description": "Store all your data. Very convenient",
        "Stock": "23",
        "Cost in GBP": "3.44",
        "Discontinued": null
    },
    {
        "Product Code": "P0021",
        "Product Name": "VCR",
        "Product Description": "Watch all those retro videos",
        "Stock": "12",
        "Cost in GBP": "3.55",
        "Discontinued": "2024-08-15 13:59:52"
    },
    {
        "Product Code": "P0022",
        "Product Name": "Bluray Player",
        "Product Description": "The future of home entertainment!",
        "Stock": "45",
        "Cost in GBP": "3",
        "Discontinued": null
    },
    {
        "Product Code": "P0026",
        "Product Name": "Cd Player",
        "Product Description": "A personal favourite",
        "Stock": "0",
        "Cost in GBP": "34.55",
        "Discontinued": null
    },
    {
        "Product Code": "P0027",
        "Product Name": "VCR",
        "Product Description": "Plays videos",
        "Stock": "34",
        "Cost in GBP": "1200.03",
        "Discontinued": "2024-08-15 13:59:52"
    },
    {
        "Product Code": "P0028",
        "Product Name": "Bluray Player",
        "Product Description": "Plays bluray's",
        "Stock": "32",
        "Cost in GBP": "1100.04",
        "Discontinued": "2024-08-15 13:59:52"
    }
]  
